<?xml version="1.0" encoding="UTF-8"?>
<!-- Generated by org.testng.reporters.JUnitReportReporter -->
<testsuite hostname="DESKTOP-H5O9SFP" failures="0" tests="1" name="TestNG.ScreenShot" time="0.549" errors="0" timestamp="2023-04-13T12:22:20 IST" skipped="0">
  <testcase classname="TestNG.ScreenShot" name="screenshot" time="0.549"/>
  <system-out/>
</testsuite> <!-- TestNG.ScreenShot -->
