<?xml version="1.0" encoding="UTF-8"?>
<!-- Generated by org.testng.reporters.JUnitReportReporter -->
<testsuite hostname="DESKTOP-H5O9SFP" failures="0" tests="1" name="practice.ReadData1" time="2.113" errors="0" timestamp="2023-05-03T20:25:54 IST" skipped="0">
  <testcase classname="practice.ReadData1" name="read_data" time="2.113"/>
  <system-out/>
</testsuite> <!-- practice.ReadData1 -->
