<?xml version="1.0" encoding="UTF-8"?>
<!-- Generated by org.testng.reporters.JUnitReportReporter -->
<testsuite hostname="DESKTOP-H5O9SFP" failures="0" tests="1" name="Headless.ChromeHeadlessBrowser" time="0.605" errors="0" timestamp="2023-04-28T15:15:08 IST" skipped="0">
  <testcase classname="Headless.ChromeHeadlessBrowser" name="text" time="0.605"/>
  <system-out/>
</testsuite> <!-- Headless.ChromeHeadlessBrowser -->
