<?xml version="1.0" encoding="UTF-8"?>
<!-- Generated by org.testng.reporters.JUnitReportReporter -->
<testsuite hostname="DESKTOP-H5O9SFP" failures="0" tests="1" name="Demo.Forloop" time="0.013" errors="0" timestamp="2023-05-09T15:08:37 IST" skipped="0">
  <testcase classname="Demo.Forloop" name="forloop" time="0.013"/>
  <system-out/>
</testsuite> <!-- Demo.Forloop -->
