<?xml version="1.0" encoding="UTF-8"?>
<!-- Generated by org.testng.reporters.JUnitReportReporter -->
<testsuite hostname="DESKTOP-H5O9SFP" failures="0" tests="1" name="practice.Shirt_Price_Cal" time="6.273" errors="0" timestamp="2023-05-27T21:44:12 IST" skipped="0">
  <testcase classname="practice.Shirt_Price_Cal" name="shirts_price" time="6.273"/>
  <system-out/>
</testsuite> <!-- practice.Shirt_Price_Cal -->
