<?xml version="1.0" encoding="UTF-8"?>
<!-- Generated by org.testng.reporters.JUnitReportReporter -->
<testsuite hostname="DESKTOP-H5O9SFP" failures="0" tests="1" name="DataDriven.ReadData" time="1.160" errors="0" timestamp="2023-05-03T10:31:23 IST" skipped="0">
  <testcase classname="DataDriven.ReadData" name="inputstream" time="1.160"/>
  <system-out/>
</testsuite> <!-- DataDriven.ReadData -->
