<?xml version="1.0" encoding="UTF-8"?>
<!-- Generated by org.testng.reporters.JUnitReportReporter -->
<testsuite hostname="DESKTOP-H5O9SFP" failures="0" tests="2" name="TestNG.Sel" time="0.013" errors="0" timestamp="2023-04-07T11:09:30 IST" skipped="0">
  <testcase classname="TestNG.Sel" name="b1" time="0.010"/>
  <system-out/>
  <testcase classname="TestNG.Sel" name="a1" time="0.003"/>
  <system-out/>
</testsuite> <!-- TestNG.Sel -->
