<?xml version="1.0" encoding="UTF-8"?>
<!-- Generated by org.testng.reporters.JUnitReportReporter -->
<testsuite hostname="DESKTOP-H5O9SFP" failures="0" tests="1" name="practice.PracticeFromStarting" time="4.637" errors="0" timestamp="2023-04-23T15:36:32 IST" skipped="0">
  <testcase classname="practice.PracticeFromStarting" name="singup" time="4.637"/>
  <system-out/>
</testsuite> <!-- practice.PracticeFromStarting -->
