<?xml version="1.0" encoding="UTF-8"?>
<!-- Generated by org.testng.reporters.JUnitReportReporter -->
<testsuite hostname="DESKTOP-H5O9SFP" failures="0" tests="1" name="TestNG.NewTest" time="0.012" errors="0" timestamp="2023-04-07T10:36:43 IST" skipped="0">
  <testcase classname="TestNG.NewTest" name="f" time="0.012"/>
  <system-out/>
</testsuite> <!-- TestNG.NewTest -->
