<?xml version="1.0" encoding="UTF-8"?>
<!-- Generated by org.testng.reporters.JUnitReportReporter -->
<testsuite hostname="DESKTOP-H5O9SFP" failures="0" tests="2" name="Tables.Tables" time="6.681" errors="0" timestamp="2023-04-27T11:24:31 IST" skipped="0">
  <testcase classname="Tables.Tables" name="row_coloum" time="0.178"/>
  <system-out/>
  <testcase classname="Tables.Tables" name="row1" time="6.503"/>
  <system-out/>
</testsuite> <!-- Tables.Tables -->
