<?xml version="1.0" encoding="UTF-8"?>
<!-- Generated by org.testng.reporters.JUnitReportReporter -->
<testsuite hostname="DESKTOP-H5O9SFP" failures="0" tests="1" name="TestNG.AlertPop" time="8.731" errors="0" timestamp="2023-04-24T09:55:53 IST" skipped="0">
  <testcase classname="TestNG.AlertPop" name="m1" time="8.731"/>
  <system-out/>
</testsuite> <!-- TestNG.AlertPop -->
