<?xml version="1.0" encoding="UTF-8"?>
<!-- Generated by org.testng.reporters.JUnitReportReporter -->
<testsuite hostname="DESKTOP-H5O9SFP" failures="0" tests="1" name="DataDriven.WriteData" time="1.157" errors="0" timestamp="2023-05-04T10:55:52 IST" skipped="0">
  <testcase classname="DataDriven.WriteData" name="writedatatoexcel" time="1.157"/>
  <system-out/>
</testsuite> <!-- DataDriven.WriteData -->
