<?xml version="1.0" encoding="UTF-8"?>
<!-- Generated by org.testng.reporters.JUnitReportReporter -->
<testsuite hostname="DESKTOP-H5O9SFP" failures="0" tests="1" name="TestNG.Testng" time="0.001" errors="0" timestamp="2023-04-23T15:36:32 IST" skipped="0">
  <testcase classname="TestNG.Testng" name="u1" time="0.001"/>
  <system-out/>
</testsuite> <!-- TestNG.Testng -->
