<?xml version="1.0" encoding="UTF-8"?>
<!-- Generated by org.testng.reporters.JUnitReportReporter -->
<testsuite hostname="DESKTOP-H5O9SFP" failures="0" tests="1" name="TestNG.ScrollUp" time="31.380" errors="0" timestamp="2023-04-12T13:05:07 IST" skipped="0">
  <testcase classname="TestNG.ScrollUp" name="Scrollup" time="31.380"/>
  <system-out/>
</testsuite> <!-- TestNG.ScrollUp -->
