<?xml version="1.0" encoding="UTF-8"?>
<!-- Generated by org.testng.reporters.JUnitReportReporter -->
<testsuite hostname="DESKTOP-H5O9SFP" failures="0" tests="1" name="pageobjectmodel.ExecutePageMethod1" time="33.575" errors="0" timestamp="2023-05-12T14:09:37 IST" skipped="0">
  <testcase classname="pageobjectmodel.ExecutePageMethod1" name="Test" time="33.575"/>
  <system-out/>
</testsuite> <!-- pageobjectmodel.ExecutePageMethod1 -->
