<?xml version="1.0" encoding="UTF-8"?>
<!-- Generated by org.testng.reporters.JUnitReportReporter -->
<testsuite hostname="DESKTOP-H5O9SFP" failures="0" tests="1" name="TestNG.Invocation" time="7.932" errors="0" timestamp="2023-04-10T12:33:19 IST" skipped="0">
  <testcase classname="TestNG.Invocation" name="f" time="7.932"/>
  <system-out/>
</testsuite> <!-- TestNG.Invocation -->
