<?xml version="1.0" encoding="UTF-8"?>
<!-- Generated by org.testng.reporters.JUnitReportReporter -->
<testsuite hostname="DESKTOP-H5O9SFP" failures="1" tests="4" name="TestNG.Annotns" time="0.076" errors="0" timestamp="2023-04-07T11:09:30 IST" skipped="1">
  <testcase classname="TestNG.Annotns" name="t1" time="0.022"/>
  <system-out/>
  <testcase classname="TestNG.Annotns" name="t" time="0.046">
    <failure message="ASSERTION FAIL " type="java.lang.AssertionError">
      <![CDATA[java.lang.AssertionError: ASSERTION FAIL 
at org.testng.Assert.fail(Assert.java:99)
at TestNG.Annotns.t(Annotns.java:28)
at java.base/jdk.internal.reflect.NativeMethodAccessorImpl.invoke0(Native Method)
at java.base/jdk.internal.reflect.NativeMethodAccessorImpl.invoke(NativeMethodAccessorImpl.java:77)
at java.base/jdk.internal.reflect.DelegatingMethodAccessorImpl.invoke(DelegatingMethodAccessorImpl.java:43)
at java.base/java.lang.reflect.Method.invoke(Method.java:568)
at org.testng.internal.MethodInvocationHelper.invokeMethod(MethodInvocationHelper.java:133)
at org.testng.internal.TestInvoker.invokeMethod(TestInvoker.java:598)
at org.testng.internal.TestInvoker.invokeTestMethod(TestInvoker.java:173)
at org.testng.internal.MethodRunner.runInSequence(MethodRunner.java:46)
at org.testng.internal.TestInvoker$MethodInvocationAgent.invoke(TestInvoker.java:824)
at org.testng.internal.TestInvoker.invokeTestMethods(TestInvoker.java:146)
at org.testng.internal.TestMethodWorker.invokeTestMethods(TestMethodWorker.java:146)
at org.testng.internal.TestMethodWorker.run(TestMethodWorker.java:128)
at java.base/java.util.concurrent.ThreadPoolExecutor.runWorker(ThreadPoolExecutor.java:1136)
at java.base/java.util.concurrent.ThreadPoolExecutor$Worker.run(ThreadPoolExecutor.java:635)
at java.base/java.lang.Thread.run(Thread.java:833)
]]>
    </failure>
  </testcase> <!-- t -->
  <system-out/>
  <testcase classname="TestNG.Annotns" name="a" time="0.008"/>
  <system-out/>
  <testcase classname="TestNG.Annotns" name="a1" time="0.000">
    <skipped/>
  </testcase> <!-- a1 -->
  <system-out/>
</testsuite> <!-- TestNG.Annotns -->
