<?xml version="1.0" encoding="UTF-8"?>
<!-- Generated by org.testng.reporters.JUnitReportReporter -->
<testsuite hostname="DESKTOP-H5O9SFP" failures="0" tests="1" name="DataDriven.ReadingDataFromExcel" time="18.167" errors="0" timestamp="2023-05-03T19:04:09 IST" skipped="0">
  <testcase classname="DataDriven.ReadingDataFromExcel" name="DataFromExcel" time="18.167"/>
  <system-out/>
</testsuite> <!-- DataDriven.ReadingDataFromExcel -->
