<?xml version="1.0" encoding="UTF-8"?>
<!-- Generated by org.testng.reporters.JUnitReportReporter -->
<testsuite hostname="DESKTOP-H5O9SFP" failures="0" tests="1" name="TestNG.ScrollDown" time="7.081" errors="0" timestamp="2023-04-16T14:11:58 IST" skipped="0">
  <testcase classname="TestNG.ScrollDown" name="Scrolldown" time="7.081"/>
  <system-out/>
</testsuite> <!-- TestNG.ScrollDown -->
